<?xml version="1.0" encoding="UTF-8"?>
<!-- Generated by org.testng.reporters.JUnitXMLReporter -->
<testsuite hostname="LITU" name="Default test" tests="4" failures="0" timestamp="18 Mar 2019 17:21:08 GMT" time="0.291" errors="0">
  <testcase name="tc_1" time="0.0" classname="com.testng.dataprovider.Test1">
    <skipped/>
  </testcase> <!-- tc_1 -->
  <testcase name="tc_2" time="0.025" classname="com.testng.dataprovider.Test1"/>
  <testcase name="tc_2" time="0.002" classname="com.testng.dataprovider.Test1"/>
  <testcase name="tc_2" time="0.001" classname="com.testng.dataprovider.Test1"/>
</testsuite> <!-- Default test -->
