<?xml version="1.0" encoding="UTF-8"?>
<!-- Generated by org.testng.reporters.JUnitXMLReporter -->
<testsuite hostname="LITU" name="Test3" tests="4" failures="0" timestamp="14 Aug 2018 07:30:24 GMT" time="76.095" errors="0">
  <testcase name="loginpassword" time="59.544" classname="com.demo.testng.Example1"/>
  <testcase name="logoutbase" time="0.001" classname="com.demo.testng.Example2"/>
  <testcase name="logoutpassword" time="0.002" classname="com.demo.testng.Example2"/>
  <testcase name="logoutusername" time="0.002" classname="com.demo.testng.Example2"/>
</testsuite> <!-- Test3 -->
