<?xml version="1.0" encoding="UTF-8"?>
<!-- Generated by org.testng.reporters.JUnitXMLReporter -->
<testsuite hostname="LITU" name="Test1" tests="8" failures="0" timestamp="23 Oct 2018 15:17:12 GMT" time="0.191" errors="0">
  <testcase name="tc_1" time="0.033" classname="com.testng.groupexecution.Test1"/>
  <testcase name="tc_2" time="0.003" classname="com.testng.groupexecution.Test1"/>
  <testcase name="tc_3" time="0.008" classname="com.testng.groupexecution.Test1"/>
  <testcase name="tc_4" time="0.02" classname="com.testng.groupexecution.Test2"/>
  <testcase name="tc_5" time="0.005" classname="com.testng.groupexecution.Test2"/>
  <testcase name="tc_7" time="0.002" classname="com.testng.groupexecution.Test3"/>
  <testcase name="tc_8" time="0.002" classname="com.testng.groupexecution.Test3"/>
  <testcase name="tc_9" time="0.002" classname="com.testng.groupexecution.Test3"/>
</testsuite> <!-- Test1 -->
