<?xml version="1.0" encoding="UTF-8"?>
<!-- Generated by org.testng.reporters.JUnitXMLReporter -->
<testsuite hostname="LITU" name="Test.xml" tests="7" failures="0" timestamp="14 Aug 2018 06:48:51 GMT" time="0.069" errors="0">
  <testcase name="loginpassword" time="0.015" classname="com.demo.testng.Example1"/>
  <testcase name="logoutbase" time="0.002" classname="com.demo.testng.Example2"/>
  <testcase name="logoutpassword" time="0.002" classname="com.demo.testng.Example2"/>
  <testcase name="logoutusername" time="0.002" classname="com.demo.testng.Example2"/>
  <testcase name="enduser" time="0.002" classname="com.demo.testng.Example3"/>
  <testcase name="loginhome" time="0.001" classname="com.demo.testng.Example3"/>
  <testcase name="logouthome" time="0.003" classname="com.demo.testng.Example3"/>
</testsuite> <!-- Test.xml -->
