<?xml version="1.0" encoding="UTF-8"?>
<!-- Generated by org.testng.reporters.JUnitXMLReporter -->
<testsuite hostname="LITU" name="Testhgfhg.xml" tests="7" failures="0" timestamp="13 Aug 2018 18:32:23 GMT" time="0.074" errors="0">
  <testcase name="creatcustomertest" time="0.014" classname="pac1.CreateUser"/>
  <testcase name="deletecustomertest" time="0.002" classname="pac1.CreateUser"/>
  <testcase name="modifycustomertest" time="0.002" classname="pac1.CreateUser"/>
  <testcase name="modifycustomertest1" time="0.01" classname="pac2.ReportUser"/>
  <testcase name="creatcustomertest" time="0.002" classname="pac3.ModifyUser"/>
  <testcase name="deletecustomertest" time="0.002" classname="pac3.ModifyUser"/>
  <testcase name="modifycustomertest" time="0.002" classname="pac3.ModifyUser"/>
</testsuite> <!-- Testhgfhg.xml -->
