<?xml version="1.0" encoding="UTF-8"?>
<testsuite name="Test"
           tests="3"
           failures="0"
           errors="0"
           skipped="0"
           time="0.027">
  <properties />
  
  
            <testcase name="tc_1" time="0.016" classname="com.testng.batchexecution.Test1" />
                <testcase name="tc_2" time="0.005" classname="com.testng.batchexecution.Test1" />
                <testcase name="tc_3" time="0.006" classname="com.testng.batchexecution.Test1" />
      
</testsuite>
