<?xml version="1.0" encoding="UTF-8"?>
<testsuite name="chrometest"
           tests="3"
           failures="0"
           errors="0"
           skipped="0"
           time="0.005">
  <properties />
  
  
            <testcase name="tc_4" time="0.002" classname="com.durgasoft.parallelexecution.Test2" />
                <testcase name="tc_5" time="0.001" classname="com.durgasoft.parallelexecution.Test2" />
                <testcase name="tc_6" time="0.002" classname="com.durgasoft.parallelexecution.Test2" />
      
</testsuite>
