<?xml version="1.0" encoding="UTF-8"?>
<testsuite name="Test"
           tests="3"
           failures="0"
           errors="0"
           skipped="0"
           time="0.008">
  <properties />
  
  
            <testcase name="tc_8" time="0.004" classname="com.testng.batchexecution.Test3" />
                <testcase name="tc_7" time="0.002" classname="com.testng.batchexecution.Test3" />
                <testcase name="tc_9" time="0.002" classname="com.testng.batchexecution.Test3" />
      
</testsuite>
