<?xml version="1.0" encoding="UTF-8"?>
<testsuite name="Test"
           tests="3"
           failures="0"
           errors="0"
           skipped="0"
           time="0.010">
  <properties />
  
  
            <testcase name="tc_4" time="0.004" classname="com.testng.batchexecution.Test2" />
                <testcase name="tc_6" time="0.003" classname="com.testng.batchexecution.Test2" />
                <testcase name="tc_5" time="0.003" classname="com.testng.batchexecution.Test2" />
      
</testsuite>
